<?xml version="1.0" encoding="UTF-8"?>
<!-- Generated by org.testng.reporters.JUnitReportReporter -->
<testsuite hostname="Vikram" name="com.qa.demoshop.testcases.LoginPageTest" tests="1" failures="0" timestamp="11 Oct 2020 09:51:05 GMT" time="53.373" errors="0">
  <testcase name="VerifyloginPageTitleTest" time="53.373" classname="com.qa.demoshop.testcases.LoginPageTest"/>
</testsuite> <!-- com.qa.demoshop.testcases.LoginPageTest -->
